{"C:\\Users\\misba\\portfolio\\jari-mobile-app\\App.tsx": {"path":"C:\\Users\\misba\\portfolio\\jari-mobile-app\\App.tsx","statementMap":{"0":{"start":{"line":9,"column":0},"end":{"line":9,"column":36}},"1":{"start":{"line":13,"column":24},"end":{"line":19,"column":4}},"2":{"start":{"line":21,"column":27},"end":{"line":25,"column":19}},"3":{"start":{"line":22,"column":4},"end":{"line":24,"column":5}},"4":{"start":{"line":23,"column":6},"end":{"line":23,"column":37}},"5":{"start":{"line":27,"column":2},"end":{"line":29,"column":3}},"6":{"start":{"line":28,"column":4},"end":{"line":28,"column":16}},"7":{"start":{"line":31,"column":2},"end":{"line":36,"column":4}},"8":{"start":{"line":39,"column":15},"end":{"line":45,"column":2}}},"fnMap":{"0":{"name":"App","decl":{"start":{"line":11,"column":24},"end":{"line":11,"column":27}},"loc":{"start":{"line":11,"column":30},"end":{"line":37,"column":1}},"line":11},"1":{"name":"(anonymous_1)","decl":{"start":{"line":21,"column":39},"end":{"line":21,"column":40}},"loc":{"start":{"line":21,"column":51},"end":{"line":25,"column":3}},"line":21}},"branchMap":{"0":{"loc":{"start":{"line":22,"column":4},"end":{"line":24,"column":5}},"type":"if","locations":[{"start":{"line":22,"column":4},"end":{"line":24,"column":5}},{"start":{},"end":{}}],"line":22},"1":{"loc":{"start":{"line":27,"column":2},"end":{"line":29,"column":3}},"type":"if","locations":[{"start":{"line":27,"column":2},"end":{"line":29,"column":3}},{"start":{},"end":{}}],"line":27}},"s":{"0":0,"1":0,"2":0,"3":0,"4":0,"5":0,"6":0,"7":0,"8":0},"f":{"0":0,"1":0},"b":{"0":[0,0],"1":[0,0]}}
,"C:\\Users\\misba\\portfolio\\jari-mobile-app\\src\\components\\Button.tsx": {"path":"C:\\Users\\misba\\portfolio\\jari-mobile-app\\src\\components\\Button.tsx","statementMap":{"0":{"start":{"line":4,"column":50},"end":{"line":10,"column":1}},"1":{"start":{"line":5,"column":4},"end":{"line":9,"column":5}}},"fnMap":{"0":{"name":"(anonymous_0)","decl":{"start":{"line":4,"column":50},"end":{"line":4,"column":51}},"loc":{"start":{"line":4,"column":66},"end":{"line":10,"column":1}},"line":4}},"branchMap":{},"s":{"0":0,"1":0},"f":{"0":0},"b":{}}
,"C:\\Users\\misba\\portfolio\\jari-mobile-app\\src\\components\\ImageIcon.tsx": {"path":"C:\\Users\\misba\\portfolio\\jari-mobile-app\\src\\components\\ImageIcon.tsx","statementMap":{"0":{"start":{"line":9,"column":19},"end":{"line":14,"column":1}},"1":{"start":{"line":15,"column":25},"end":{"line":17,"column":1}},"2":{"start":{"line":16,"column":4},"end":{"line":16,"column":108}},"3":{"start":{"line":19,"column":15},"end":{"line":28,"column":2}}},"fnMap":{"0":{"name":"(anonymous_0)","decl":{"start":{"line":15,"column":25},"end":{"line":15,"column":26}},"loc":{"start":{"line":15,"column":61},"end":{"line":17,"column":1}},"line":15}},"branchMap":{},"s":{"0":2,"1":2,"2":4,"3":2},"f":{"0":4},"b":{},"_coverageSchema":"1a1c01bbd47fc00a2c39e90264f33305004495a9","hash":"f40602cd54a8ed5864425079f6bcfb991301c231"}
,"C:\\Users\\misba\\portfolio\\jari-mobile-app\\src\\components\\LargeButton.tsx": {"path":"C:\\Users\\misba\\portfolio\\jari-mobile-app\\src\\components\\LargeButton.tsx","statementMap":{"0":{"start":{"line":11,"column":27},"end":{"line":22,"column":1}},"1":{"start":{"line":12,"column":34},"end":{"line":12,"column":49}},"2":{"start":{"line":14,"column":4},"end":{"line":21,"column":5}},"3":{"start":{"line":15,"column":34},"end":{"line":15,"column":50}},"4":{"start":{"line":15,"column":68},"end":{"line":15,"column":85}},"5":{"start":{"line":24,"column":15},"end":{"line":45,"column":2}}},"fnMap":{"0":{"name":"(anonymous_0)","decl":{"start":{"line":11,"column":27},"end":{"line":11,"column":28}},"loc":{"start":{"line":11,"column":58},"end":{"line":22,"column":1}},"line":11},"1":{"name":"(anonymous_1)","decl":{"start":{"line":15,"column":30},"end":{"line":15,"column":31}},"loc":{"start":{"line":15,"column":34},"end":{"line":15,"column":50}},"line":15},"2":{"name":"(anonymous_2)","decl":{"start":{"line":15,"column":64},"end":{"line":15,"column":65}},"loc":{"start":{"line":15,"column":68},"end":{"line":15,"column":85}},"line":15}},"branchMap":{"0":{"loc":{"start":{"line":16,"column":69},"end":{"line":16,"column":105}},"type":"cond-expr","locations":[{"start":{"line":16,"column":77},"end":{"line":16,"column":100}},{"start":{"line":16,"column":101},"end":{"line":16,"column":105}}],"line":16},"1":{"loc":{"start":{"line":18,"column":44},"end":{"line":18,"column":76}},"type":"cond-expr","locations":[{"start":{"line":18,"column":52},"end":{"line":18,"column":71}},{"start":{"line":18,"column":72},"end":{"line":18,"column":76}}],"line":18}},"s":{"0":1,"1":4,"2":4,"3":1,"4":0,"5":1},"f":{"0":4,"1":1,"2":0},"b":{"0":[1,3],"1":[1,3]},"_coverageSchema":"1a1c01bbd47fc00a2c39e90264f33305004495a9","hash":"99475ced0deed1928e1db196423f19d985858c51"}
,"C:\\Users\\misba\\portfolio\\jari-mobile-app\\src\\constants\\dimensions.tsx": {"path":"C:\\Users\\misba\\portfolio\\jari-mobile-app\\src\\constants\\dimensions.tsx","statementMap":{"0":{"start":{"line":2,"column":24},"end":{"line":2,"column":48}},"1":{"start":{"line":4,"column":32},"end":{"line":9,"column":1}},"2":{"start":{"line":11,"column":25},"end":{"line":13,"column":1}}},"fnMap":{},"branchMap":{},"s":{"0":2,"1":2,"2":2},"f":{},"b":{},"_coverageSchema":"1a1c01bbd47fc00a2c39e90264f33305004495a9","hash":"614d686d5ca9b520bc6477f24f1702d1fc9417fd"}
,"C:\\Users\\misba\\portfolio\\jari-mobile-app\\src\\constants\\index.tsx": {"path":"C:\\Users\\misba\\portfolio\\jari-mobile-app\\src\\constants\\index.tsx","statementMap":{},"fnMap":{},"branchMap":{},"s":{},"f":{},"b":{},"_coverageSchema":"1a1c01bbd47fc00a2c39e90264f33305004495a9","hash":"4d63fa0a0c35703a30db80b1e6610f6e6096e4af"}
,"C:\\Users\\misba\\portfolio\\jari-mobile-app\\src\\constants\\theme.tsx": {"path":"C:\\Users\\misba\\portfolio\\jari-mobile-app\\src\\constants\\theme.tsx","statementMap":{"0":{"start":{"line":1,"column":22},"end":{"line":6,"column":1}}},"fnMap":{},"branchMap":{},"s":{"0":2},"f":{},"b":{},"_coverageSchema":"1a1c01bbd47fc00a2c39e90264f33305004495a9","hash":"0897064c1e9c819d153d048ba4f19c2aa5ef769a"}
,"C:\\Users\\misba\\portfolio\\jari-mobile-app\\src\\screens\\MainMenu.tsx": {"path":"C:\\Users\\misba\\portfolio\\jari-mobile-app\\src\\screens\\MainMenu.tsx","statementMap":{"0":{"start":{"line":7,"column":24},"end":{"line":32,"column":1}},"1":{"start":{"line":8,"column":4},"end":{"line":31,"column":6}},"2":{"start":{"line":34,"column":15},"end":{"line":77,"column":2}}},"fnMap":{"0":{"name":"(anonymous_0)","decl":{"start":{"line":7,"column":24},"end":{"line":7,"column":25}},"loc":{"start":{"line":7,"column":30},"end":{"line":32,"column":1}},"line":7}},"branchMap":{},"s":{"0":0,"1":0,"2":0},"f":{"0":0},"b":{}}
}
